0    [main] INFO  eclipse.emf.mwe.core.WorkflowEngine  - --------------------------------------------------------------------------------------
0    [main] INFO  eclipse.emf.mwe.core.WorkflowEngine  - EMF Modeling Workflow Engine 1.2.1, Build v201206110920
0    [main] INFO  eclipse.emf.mwe.core.WorkflowEngine  - (c) 2005-2009 openarchitectureware.org and contributors
0    [main] INFO  eclipse.emf.mwe.core.WorkflowEngine  - --------------------------------------------------------------------------------------
0    [main] INFO  eclipse.emf.mwe.core.WorkflowEngine  - running workflow: C:/versionesOOH4RIA/EclipseJunoExamenDSS/workspace/DSS/templates/workflow/generator.mwe
0    [main] INFO  eclipse.emf.mwe.core.WorkflowEngine  - 
290  [main] INFO  lipse.emf.mwe.utils.StandaloneSetup  - Registering platform uri 'C:\versionesOOH4RIA\EclipseJunoExamenDSS\workspace'
340  [main] INFO  lipse.emf.mwe.utils.StandaloneSetup  - Adding generated EPackage 'es.ua.dlsi.ooh.conceptualView.ConceptualViewPackage'
390  [main] INFO  lipse.emf.mwe.utils.StandaloneSetup  - Adding generated EPackage 'org.eclipse.gmf.runtime.notation.NotationPackage'
480  [main] INFO  e.core.container.CompositeComponent  - Workflow: executing workflow workflow::nhibernate::generator.mwe in C:/versionesOOH4RIA/EclipseJunoExamenDSS/workspace/DSS/templates/workflow/generator.mwe:10
480  [main] INFO  e.core.container.CompositeComponent  - XmiReader: file 'models/default.domainModel' => slot 'es_ua_dlsi_ooh_conceptual_model'
640  [main] INFO  e.core.container.CompositeComponent  - CheckComponent: slot es_ua_dlsi_ooh_conceptual_model check file(s): metamodel::Checks 
961  [main] INFO  e.core.container.CompositeComponent  - Generator(nhibernate.generator): generating 'workflow::nhibernate::workflow::main FOR true' => [../DSSGen, CONFIGURATION:../DSSGen(overwrite=false,append=false,fileEncoding=utf-8)]
configuroConf:C:\DOCUME~1\OOH4RI~1\LOCALS~1\Temp\OOH4RIA4500859910308615818.cfg
enc:utf-8
1181 [main] INFO  and2.pr.ProtectedRegionResolverImpl  - Source scan started ...
1191 [main] INFO  and2.pr.ProtectedRegionResolverImpl  - Source scan finished in 0.01s
1191 [main] INFO  and2.pr.ProtectedRegionResolverImpl  - Files scanned: 4
1191 [main] INFO  and2.pr.ProtectedRegionResolverImpl  - Regions found: 0
enc:utf-8
enc:utf-8
enc:utf-8
enc:utf-8
enc:utf-8
enc:utf-8
enc:utf-8
enc:utf-8
enc:utf-8
enc:utf-8
enc:utf-8
enc:utf-8
enc:utf-8
enc:utf-8
enc:utf-8
enc:utf-8
enc:utf-8
enc:utf-8
enc:utf-8
enc:utf-8
enc:utf-8
enc:utf-8
enc:utf-8
enc:utf-8
enc:utf-8
enc:utf-8
enc:utf-8
enc:utf-8
enc:utf-8
enc:utf-8
enc:utf-8
enc:utf-8
enc:utf-8
enc:utf-8
enc:utf-8
enc:utf-8
enc:utf-8
enc:utf-8
enc:utf-8
enc:utf-8
enc:utf-8
enc:utf-8
enc:utf-8
enc:utf-8
enc:utf-8
enc:utf-8
enc:utf-8
2042 [main] INFO         org.eclipse.xpand2.Generator  - Written 65 files to outlet [default](../DSSGen)
2042 [main] INFO         org.eclipse.xpand2.Generator  - Skipped writing of 1 files to outlet [default](../DSSGen)
2042 [main] INFO  e.core.container.CompositeComponent  - es.ua.dlsi.ooh.persistence.nhibernate.generator.workflowComponents.CreateSolution
2052 [main] INFO  e.core.container.CompositeComponent  - es.ua.dlsi.ooh.persistence.nhibernate.generator.workflowComponents.UpdateSolution
2062 [main] INFO  e.core.container.CompositeComponent  - es.ua.dlsi.ooh.persistence.nhibernate.generator.workflowComponents.CopyDLLs
../DSSGen\DSSGenNHibernate\AppLib\Antlr3.Runtime.dll
../DSSGen\DSSGenNHibernate\AppLib\Castle.DynamicProxy2.dll
../DSSGen\DSSGenNHibernate\AppLib\Iesi.Collections.dll
../DSSGen\DSSGenNHibernate\AppLib\LinFu.DynamicProxy.dll
../DSSGen\DSSGenNHibernate\AppLib\log4net.dll
../DSSGen\DSSGenNHibernate\AppLib\NHibernate.ByteCode.Castle.dll
../DSSGen\DSSGenNHibernate\AppLib\NHibernate.ByteCode.LinFu.dll
../DSSGen\DSSGenNHibernate\AppLib\NHibernate.dll
../DSSGen\DSSGenNHibernate\AppLib\nunit.core.dll
../DSSGen\DSSGenNHibernate\AppLib\nunit.framework.dll
2203 [main] INFO  eclipse.emf.mwe.core.WorkflowEngine  - workflow completed in 1723ms!
