0    [main] INFO  eclipse.emf.mwe.core.WorkflowEngine  - --------------------------------------------------------------------------------------
20   [main] INFO  eclipse.emf.mwe.core.WorkflowEngine  - EMF Modeling Workflow Engine 1.2.1, Build v201206110920
20   [main] INFO  eclipse.emf.mwe.core.WorkflowEngine  - (c) 2005-2009 openarchitectureware.org and contributors
20   [main] INFO  eclipse.emf.mwe.core.WorkflowEngine  - --------------------------------------------------------------------------------------
20   [main] INFO  eclipse.emf.mwe.core.WorkflowEngine  - running workflow: E:/OOH4RIA_Chile/workspace/BibliotecaENIAC/templates/workflow/generator.mwe
20   [main] INFO  eclipse.emf.mwe.core.WorkflowEngine  - 
4577 [main] INFO  lipse.emf.mwe.utils.StandaloneSetup  - Registering platform uri 'E:\OOH4RIA_Chile\workspace'
44785 [main] INFO  lipse.emf.mwe.utils.StandaloneSetup  - Adding generated EPackage 'es.ua.dlsi.ooh.conceptualView.ConceptualViewPackage'
46026 [main] INFO  lipse.emf.mwe.utils.StandaloneSetup  - Adding generated EPackage 'org.eclipse.gmf.runtime.notation.NotationPackage'
47619 [main] INFO  e.core.container.CompositeComponent  - Workflow: executing workflow workflow::nhibernate::generator.mwe in E:/OOH4RIA_Chile/workspace/BibliotecaENIAC/templates/workflow/generator.mwe:10
47619 [main] INFO  e.core.container.CompositeComponent  - XmiReader: file 'models/default.domainModel' => slot 'es_ua_dlsi_ooh_conceptual_model'
49782 [main] INFO  e.core.container.CompositeComponent  - CheckComponent: slot es_ua_dlsi_ooh_conceptual_model check file(s): metamodel::Checks 
55300 [main] INFO  e.core.container.CompositeComponent  - Generator(nhibernate.generator): generating 'workflow::nhibernate::workflow::main FOR true' => [CONFIGURATION:../BibliotecaENIACGen(overwrite=false,append=false,fileEncoding=utf-8), ../BibliotecaENIACGen]
configuroConf:C:\DOCUME~1\OOH4RI~1\LOCALS~1\Temp\OOH4RIA7058997002417763351.cfg
enc:utf-8
56672 [main] INFO  and2.pr.ProtectedRegionResolverImpl  - Source scan started ...
71082 [main] INFO  and2.pr.ProtectedRegionResolverImpl  - Source scan finished in 14.41s
71082 [main] INFO  and2.pr.ProtectedRegionResolverImpl  - Files scanned: 80
71082 [main] INFO  and2.pr.ProtectedRegionResolverImpl  - Regions found: 15
enc:utf-8
enc:utf-8
enc:utf-8
enc:utf-8
enc:utf-8
enc:utf-8
enc:utf-8
enc:utf-8
enc:utf-8
enc:utf-8
enc:utf-8
enc:utf-8
enc:utf-8
enc:utf-8
enc:utf-8
enc:utf-8
enc:utf-8
enc:utf-8
enc:utf-8
enc:utf-8
enc:utf-8
enc:utf-8
enc:utf-8
enc:utf-8
enc:utf-8
enc:utf-8
enc:utf-8
enc:utf-8
enc:utf-8
enc:utf-8
enc:utf-8
enc:utf-8
enc:utf-8
enc:utf-8
enc:utf-8
enc:utf-8
enc:utf-8
enc:utf-8
enc:utf-8
enc:utf-8
enc:utf-8
enc:utf-8
enc:utf-8
enc:utf-8
enc:utf-8
enc:utf-8
enc:utf-8
enc:utf-8
enc:utf-8
84261 [main] INFO         org.eclipse.xpand2.Generator  - Written 3 files to outlet [default](../BibliotecaENIACGen)
84261 [main] INFO         org.eclipse.xpand2.Generator  - Skipped writing of 65 files to outlet [default](../BibliotecaENIACGen)
84261 [main] INFO  e.core.container.CompositeComponent  - es.ua.dlsi.ooh.persistence.nhibernate.generator.workflowComponents.CreateSolution
84391 [main] INFO  e.core.container.CompositeComponent  - es.ua.dlsi.ooh.persistence.nhibernate.generator.workflowComponents.UpdateSolution
84732 [main] INFO  e.core.container.CompositeComponent  - es.ua.dlsi.ooh.persistence.nhibernate.generator.workflowComponents.CopyDLLs
../BibliotecaENIACGen\BibliotecaENIACGenNHibernate\AppLib\Antlr3.Runtime.dll
../BibliotecaENIACGen\BibliotecaENIACGenNHibernate\AppLib\Castle.DynamicProxy2.dll
../BibliotecaENIACGen\BibliotecaENIACGenNHibernate\AppLib\Iesi.Collections.dll
../BibliotecaENIACGen\BibliotecaENIACGenNHibernate\AppLib\LinFu.DynamicProxy.dll
../BibliotecaENIACGen\BibliotecaENIACGenNHibernate\AppLib\log4net.dll
../BibliotecaENIACGen\BibliotecaENIACGenNHibernate\AppLib\NHibernate.ByteCode.Castle.dll
../BibliotecaENIACGen\BibliotecaENIACGenNHibernate\AppLib\NHibernate.ByteCode.LinFu.dll
../BibliotecaENIACGen\BibliotecaENIACGenNHibernate\AppLib\NHibernate.dll
../BibliotecaENIACGen\BibliotecaENIACGenNHibernate\AppLib\nunit.core.dll
../BibliotecaENIACGen\BibliotecaENIACGenNHibernate\AppLib\nunit.framework.dll
86344 [main] INFO  eclipse.emf.mwe.core.WorkflowEngine  - workflow completed in 38735ms!
0    [main] INFO  eclipse.emf.mwe.core.WorkflowEngine  - --------------------------------------------------------------------------------------
0    [main] INFO  eclipse.emf.mwe.core.WorkflowEngine  - EMF Modeling Workflow Engine 1.2.1, Build v201206110920
0    [main] INFO  eclipse.emf.mwe.core.WorkflowEngine  - (c) 2005-2009 openarchitectureware.org and contributors
0    [main] INFO  eclipse.emf.mwe.core.WorkflowEngine  - --------------------------------------------------------------------------------------
0    [main] INFO  eclipse.emf.mwe.core.WorkflowEngine  - running workflow: C:/Documents and Settings/ooh4riaUser/Desktop/1/BibliotecaENIAC/templates/workflow/generator.mwe
0    [main] INFO  eclipse.emf.mwe.core.WorkflowEngine  - 
760  [main] INFO  lipse.emf.mwe.utils.StandaloneSetup  - Registering platform uri 'C:\Documents and Settings\ooh4riaUser\Desktop\1'
848  [main] INFO  lipse.emf.mwe.utils.StandaloneSetup  - Adding generated EPackage 'es.ua.dlsi.ooh.conceptualView.ConceptualViewPackage'
969  [main] INFO  lipse.emf.mwe.utils.StandaloneSetup  - Adding generated EPackage 'org.eclipse.gmf.runtime.notation.NotationPackage'
1123 [main] INFO  e.core.container.CompositeComponent  - Workflow: executing workflow workflow::nhibernate::generator.mwe in C:/Documents and Settings/ooh4riaUser/Desktop/1/BibliotecaENIAC/templates/workflow/generator.mwe:10
1123 [main] INFO  e.core.container.CompositeComponent  - XmiReader: file 'models/default.domainModel' => slot 'es_ua_dlsi_ooh_conceptual_model'
1432 [main] INFO  e.core.container.CompositeComponent  - CheckComponent: slot es_ua_dlsi_ooh_conceptual_model check file(s): metamodel::Checks 
2027 [main] INFO  e.core.container.CompositeComponent  - Generator(nhibernate.generator): generating 'workflow::nhibernate::workflow::main FOR true' => [CONFIGURATION:../BibliotecaENIACGen(overwrite=false,append=false,fileEncoding=utf-8), ../BibliotecaENIACGen]
configuroConf:C:\DOCUME~1\OOH4RI~1\LOCALS~1\Temp\OOH4RIA4991297226528142384.cfg
enc:utf-8
2269 [main] INFO  and2.pr.ProtectedRegionResolverImpl  - Source scan started ...
2412 [main] INFO  and2.pr.ProtectedRegionResolverImpl  - Source scan finished in 0.143s
2412 [main] INFO  and2.pr.ProtectedRegionResolverImpl  - Files scanned: 80
2412 [main] INFO  and2.pr.ProtectedRegionResolverImpl  - Regions found: 15
enc:utf-8
enc:utf-8
enc:utf-8
enc:utf-8
enc:utf-8
enc:utf-8
enc:utf-8
enc:utf-8
enc:utf-8
enc:utf-8
enc:utf-8
enc:utf-8
enc:utf-8
enc:utf-8
enc:utf-8
enc:utf-8
enc:utf-8
enc:utf-8
enc:utf-8
enc:utf-8
enc:utf-8
enc:utf-8
enc:utf-8
enc:utf-8
enc:utf-8
enc:utf-8
enc:utf-8
enc:utf-8
enc:utf-8
enc:utf-8
enc:utf-8
enc:utf-8
enc:utf-8
enc:utf-8
enc:utf-8
enc:utf-8
enc:utf-8
enc:utf-8
enc:utf-8
enc:utf-8
enc:utf-8
enc:utf-8
enc:utf-8
enc:utf-8
enc:utf-8
enc:utf-8
enc:utf-8
enc:utf-8
enc:utf-8
3360 [main] INFO         org.eclipse.xpand2.Generator  - Written 7 files to outlet [default](../BibliotecaENIACGen)
3360 [main] INFO         org.eclipse.xpand2.Generator  - Skipped writing of 61 files to outlet [default](../BibliotecaENIACGen)
3360 [main] INFO  e.core.container.CompositeComponent  - es.ua.dlsi.ooh.persistence.nhibernate.generator.workflowComponents.CreateSolution
3382 [main] INFO  e.core.container.CompositeComponent  - es.ua.dlsi.ooh.persistence.nhibernate.generator.workflowComponents.UpdateSolution
3393 [main] INFO  e.core.container.CompositeComponent  - es.ua.dlsi.ooh.persistence.nhibernate.generator.workflowComponents.CopyDLLs
../BibliotecaENIACGen\BibliotecaENIACGenNHibernate\AppLib\Antlr3.Runtime.dll
../BibliotecaENIACGen\BibliotecaENIACGenNHibernate\AppLib\Castle.DynamicProxy2.dll
../BibliotecaENIACGen\BibliotecaENIACGenNHibernate\AppLib\Iesi.Collections.dll
../BibliotecaENIACGen\BibliotecaENIACGenNHibernate\AppLib\LinFu.DynamicProxy.dll
../BibliotecaENIACGen\BibliotecaENIACGenNHibernate\AppLib\log4net.dll
../BibliotecaENIACGen\BibliotecaENIACGenNHibernate\AppLib\NHibernate.ByteCode.Castle.dll
../BibliotecaENIACGen\BibliotecaENIACGenNHibernate\AppLib\NHibernate.ByteCode.LinFu.dll
../BibliotecaENIACGen\BibliotecaENIACGenNHibernate\AppLib\NHibernate.dll
../BibliotecaENIACGen\BibliotecaENIACGenNHibernate\AppLib\nunit.core.dll
../BibliotecaENIACGen\BibliotecaENIACGenNHibernate\AppLib\nunit.framework.dll
3393 [main] INFO  eclipse.emf.mwe.core.WorkflowEngine  - workflow completed in 2270ms!
